2022-07-28 22:03:32 INFO  Log:28 - This is before suite.
2022-07-28 22:03:44 INFO  Log:17 - =====================================loginTest TEST START=========================================
2022-07-28 22:03:44 INFO  Log:28 - User is going to click on signin
2022-07-28 22:03:50 INFO  Log:28 - This is after suite.
2022-08-01 08:18:17 INFO  Log:29 - This is before suite.
2022-08-01 08:18:17 INFO  Log:29 - This is after suite.
2022-08-01 08:28:29 INFO  Log:29 - This is before suite.
2022-08-01 08:28:48 INFO  Log:29 - This is after suite.
2022-08-01 08:31:14 INFO  Log:29 - This is before suite.
2022-08-01 08:31:24 INFO  Log:29 - Test Started
2022-08-01 08:31:24 INFO  Log:29 - Validating logo
2022-08-01 08:31:32 INFO  Log:29 - This is after suite.
2022-08-03 21:27:30 INFO  Log:29 - This is before suite.
2022-08-03 21:27:47 INFO  Log:17 - =====================================loginTest TEST START=========================================
2022-08-03 21:27:47 INFO  Log:29 - User is going to click on signin
2022-08-03 21:27:55 INFO  Log:29 - User is going to enter username and password
2022-08-03 21:28:04 INFO  Log:29 - Verifiy whether user is able to login
2022-08-03 21:28:04 INFO  Log:29 - login success
2022-08-03 21:28:04 INFO  Log:22 - =====================================loginTest TEST END=========================================
2022-08-03 21:28:14 INFO  Log:17 - =====================================loginTest TEST START=========================================
2022-08-03 21:28:14 INFO  Log:29 - User is going to click on signin
2022-08-03 21:28:21 INFO  Log:29 - User is going to enter username and password
2022-08-03 21:28:26 INFO  Log:29 - Verifiy whether user is able to login
2022-08-03 21:29:26 INFO  Log:29 - Test Started
2022-08-03 21:29:26 INFO  Log:29 - Validating logo
2022-08-03 21:31:42 INFO  Log:29 - This is after suite.
2022-08-03 22:00:43 INFO  Log:29 - This is before suite.
2022-08-03 22:06:17 INFO  Log:29 - This is before suite.
2022-08-03 22:09:05 INFO  Log:29 - This is before suite.
2022-08-03 22:09:55 INFO  Log:29 - This is before suite.
2022-08-06 13:57:47 INFO  Log:29 - This is before suite.
2022-08-06 13:57:57 INFO  Log:29 - Test Started
2022-08-06 13:57:57 INFO  Log:29 - Validating logo
2022-08-06 14:11:31 INFO  Log:29 - This is before suite.
2022-08-06 14:11:40 INFO  Log:29 - Test Started
2022-08-06 14:11:40 INFO  Log:29 - Validating logo
